<?xml version="1.0" encoding="UTF-8"?>
<!-- Generated by org.testng.reporters.JUnitXMLReporter -->
<testsuite ignored="0" hostname="DESKTOP-INTDDEM" failures="0" tests="5" name="Default test" time="6.397" errors="0" timestamp="2022-11-30T13:43:35 NPT">
  <testcase classname="com.nop_Commerce.testcases.MultiUser_LoginTest" name="MultiUser" time="1.526"/>
  <testcase classname="com.nop_Commerce.testcases.MultiUser_LoginTest" name="MultiUser" time="1.159"/>
  <testcase classname="com.nop_Commerce.testcases.MultiUser_LoginTest" name="MultiUser" time="1.187"/>
  <testcase classname="com.nop_Commerce.testcases.MultiUser_LoginTest" name="MultiUser" time="1.187"/>
  <testcase classname="com.nop_Commerce.testcases.MultiUser_LoginTest" name="MultiUser" time="1.285"/>
</testsuite> <!-- Default test -->
