<?xml version="1.0" encoding="UTF-8"?>
<!-- Generated by org.testng.reporters.JUnitXMLReporter -->
<testsuite ignored="2" hostname="DESKTOP-INTDDEM" failures="0" tests="1" name="Default test" time="8.224" errors="0" timestamp="2022-11-15T14:21:23 NPT">
  <testcase classname="com.nop_Commerce.testcases.SearchFunctionTest" name="SearchFunctionality_Verification" time="8.192"/>
  <testcase classname="com.nop_Commerce.testcases.SearchFunctionTest" name="SearchField_Verification" time="0.0">
    <ignored/>
  </testcase> <!-- SearchField_Verification -->
  <testcase classname="com.nop_Commerce.testcases.SearchFunctionTest" name="SearchButton_Verification" time="0.0">
    <ignored/>
  </testcase> <!-- SearchButton_Verification -->
</testsuite> <!-- Default test -->
