<?xml version="1.0" encoding="UTF-8"?>
<testng-results ignored="0" total="5" passed="5" failed="0" skipped="0">
  <reporter-output>
  </reporter-output>
  <suite started-at="2022-11-30T13:43:29 NPT" name="Default suite" finished-at="2022-11-30T13:43:35 NPT" duration-ms="6397">
    <groups>
    </groups>
    <test started-at="2022-11-30T13:43:29 NPT" name="Default test" finished-at="2022-11-30T13:43:35 NPT" duration-ms="6397">
      <class name="com.nop_Commerce.testcases.MultiUser_LoginTest">
        <test-method is-config="true" signature="startDriver(java.lang.String)[pri:0, instance:com.nop_Commerce.testcases.MultiUser_LoginTest@f5acb9d]" started-at="2022-11-30T13:43:25 NPT" name="startDriver" finished-at="2022-11-30T13:43:29 NPT" duration-ms="3482" status="PASS">
          <params>
            <param index="0">
              <value>
                <![CDATA[chrome]]>
              </value>
            </param>
          </params>
          <reporter-output>
          </reporter-output>
        </test-method> <!-- startDriver -->
        <test-method signature="MultiUser(java.lang.String,java.lang.String)[pri:0, instance:com.nop_Commerce.testcases.MultiUser_LoginTest@f5acb9d]" started-at="2022-11-30T13:43:29 NPT" name="MultiUser" data-provider="multiuser_Test" finished-at="2022-11-30T13:43:31 NPT" duration-ms="1526" status="PASS">
          <params>
            <param index="0">
              <value>
                <![CDATA[sevadev01@gmail.com]]>
              </value>
            </param>
            <param index="1">
              <value>
                <![CDATA[sevadev11]]>
              </value>
            </param>
          </params>
          <reporter-output>
          </reporter-output>
        </test-method> <!-- MultiUser -->
        <test-method is-config="true" signature="screenShotOnFailure(org.testng.ITestResult)[pri:0, instance:com.nop_Commerce.testcases.MultiUser_LoginTest@f5acb9d]" started-at="2022-11-30T13:43:31 NPT" name="screenShotOnFailure" finished-at="2022-11-30T13:43:31 NPT" duration-ms="1" status="PASS">
          <params>
            <param index="0">
              <value>
                <![CDATA[[TestResult name=MultiUser status=SUCCESS method=MultiUser_LoginTest.MultiUser(java.lang.String,java.lang.String)[pri:0, instance:com.nop_Commerce.testcases.MultiUser_LoginTest@f5acb9d] output={null}]]]>
              </value>
            </param>
          </params>
          <reporter-output>
          </reporter-output>
        </test-method> <!-- screenShotOnFailure -->
        <test-method signature="MultiUser(java.lang.String,java.lang.String)[pri:0, instance:com.nop_Commerce.testcases.MultiUser_LoginTest@f5acb9d]" started-at="2022-11-30T13:43:31 NPT" name="MultiUser" data-provider="multiuser_Test" finished-at="2022-11-30T13:43:32 NPT" duration-ms="1159" status="PASS">
          <params>
            <param index="0">
              <value>
                <![CDATA[sevadev02@gmail.com]]>
              </value>
            </param>
            <param index="1">
              <value>
                <![CDATA[sevadev11]]>
              </value>
            </param>
          </params>
          <reporter-output>
          </reporter-output>
        </test-method> <!-- MultiUser -->
        <test-method is-config="true" signature="screenShotOnFailure(org.testng.ITestResult)[pri:0, instance:com.nop_Commerce.testcases.MultiUser_LoginTest@f5acb9d]" started-at="2022-11-30T13:43:32 NPT" name="screenShotOnFailure" finished-at="2022-11-30T13:43:32 NPT" duration-ms="0" status="PASS">
          <params>
            <param index="0">
              <value>
                <![CDATA[[TestResult name=MultiUser status=SUCCESS method=MultiUser_LoginTest.MultiUser(java.lang.String,java.lang.String)[pri:0, instance:com.nop_Commerce.testcases.MultiUser_LoginTest@f5acb9d] output={null}]]]>
              </value>
            </param>
          </params>
          <reporter-output>
          </reporter-output>
        </test-method> <!-- screenShotOnFailure -->
        <test-method signature="MultiUser(java.lang.String,java.lang.String)[pri:0, instance:com.nop_Commerce.testcases.MultiUser_LoginTest@f5acb9d]" started-at="2022-11-30T13:43:32 NPT" name="MultiUser" data-provider="multiuser_Test" finished-at="2022-11-30T13:43:33 NPT" duration-ms="1187" status="PASS">
          <params>
            <param index="0">
              <value>
                <![CDATA[sevadev03@gmail.com]]>
              </value>
            </param>
            <param index="1">
              <value>
                <![CDATA[sevadev11]]>
              </value>
            </param>
          </params>
          <reporter-output>
          </reporter-output>
        </test-method> <!-- MultiUser -->
        <test-method is-config="true" signature="screenShotOnFailure(org.testng.ITestResult)[pri:0, instance:com.nop_Commerce.testcases.MultiUser_LoginTest@f5acb9d]" started-at="2022-11-30T13:43:33 NPT" name="screenShotOnFailure" finished-at="2022-11-30T13:43:33 NPT" duration-ms="1" status="PASS">
          <params>
            <param index="0">
              <value>
                <![CDATA[[TestResult name=MultiUser status=SUCCESS method=MultiUser_LoginTest.MultiUser(java.lang.String,java.lang.String)[pri:0, instance:com.nop_Commerce.testcases.MultiUser_LoginTest@f5acb9d] output={null}]]]>
              </value>
            </param>
          </params>
          <reporter-output>
          </reporter-output>
        </test-method> <!-- screenShotOnFailure -->
        <test-method signature="MultiUser(java.lang.String,java.lang.String)[pri:0, instance:com.nop_Commerce.testcases.MultiUser_LoginTest@f5acb9d]" started-at="2022-11-30T13:43:33 NPT" name="MultiUser" data-provider="multiuser_Test" finished-at="2022-11-30T13:43:34 NPT" duration-ms="1187" status="PASS">
          <params>
            <param index="0">
              <value>
                <![CDATA[sevadev04@gmail.com]]>
              </value>
            </param>
            <param index="1">
              <value>
                <![CDATA[sevadev11]]>
              </value>
            </param>
          </params>
          <reporter-output>
          </reporter-output>
        </test-method> <!-- MultiUser -->
        <test-method is-config="true" signature="screenShotOnFailure(org.testng.ITestResult)[pri:0, instance:com.nop_Commerce.testcases.MultiUser_LoginTest@f5acb9d]" started-at="2022-11-30T13:43:34 NPT" name="screenShotOnFailure" finished-at="2022-11-30T13:43:34 NPT" duration-ms="1" status="PASS">
          <params>
            <param index="0">
              <value>
                <![CDATA[[TestResult name=MultiUser status=SUCCESS method=MultiUser_LoginTest.MultiUser(java.lang.String,java.lang.String)[pri:0, instance:com.nop_Commerce.testcases.MultiUser_LoginTest@f5acb9d] output={null}]]]>
              </value>
            </param>
          </params>
          <reporter-output>
          </reporter-output>
        </test-method> <!-- screenShotOnFailure -->
        <test-method signature="MultiUser(java.lang.String,java.lang.String)[pri:0, instance:com.nop_Commerce.testcases.MultiUser_LoginTest@f5acb9d]" started-at="2022-11-30T13:43:34 NPT" name="MultiUser" data-provider="multiuser_Test" finished-at="2022-11-30T13:43:35 NPT" duration-ms="1285" status="PASS">
          <params>
            <param index="0">
              <value>
                <![CDATA[sevadev05@gmail.com]]>
              </value>
            </param>
            <param index="1">
              <value>
                <![CDATA[sevadev11]]>
              </value>
            </param>
          </params>
          <reporter-output>
          </reporter-output>
        </test-method> <!-- MultiUser -->
        <test-method is-config="true" signature="screenShotOnFailure(org.testng.ITestResult)[pri:0, instance:com.nop_Commerce.testcases.MultiUser_LoginTest@f5acb9d]" started-at="2022-11-30T13:43:35 NPT" name="screenShotOnFailure" finished-at="2022-11-30T13:43:35 NPT" duration-ms="0" status="PASS">
          <params>
            <param index="0">
              <value>
                <![CDATA[[TestResult name=MultiUser status=SUCCESS method=MultiUser_LoginTest.MultiUser(java.lang.String,java.lang.String)[pri:0, instance:com.nop_Commerce.testcases.MultiUser_LoginTest@f5acb9d] output={null}]]]>
              </value>
            </param>
          </params>
          <reporter-output>
          </reporter-output>
        </test-method> <!-- screenShotOnFailure -->
        <test-method is-config="true" signature="stopDriver()[pri:0, instance:com.nop_Commerce.testcases.MultiUser_LoginTest@f5acb9d]" started-at="2022-11-30T13:43:35 NPT" name="stopDriver" finished-at="2022-11-30T13:43:36 NPT" duration-ms="642" status="PASS">
          <reporter-output>
          </reporter-output>
        </test-method> <!-- stopDriver -->
      </class> <!-- com.nop_Commerce.testcases.MultiUser_LoginTest -->
    </test> <!-- Default test -->
  </suite> <!-- Default suite -->
</testng-results>
