<?xml version="1.0" encoding="UTF-8"?>
<testng-results ignored="0" total="1" passed="1" failed="0" skipped="0">
  <reporter-output>
  </reporter-output>
  <suite started-at="2022-11-10T11:39:17 NPT" name="Default suite" finished-at="2022-11-10T11:39:23 NPT" duration-ms="5636">
    <groups>
    </groups>
    <test started-at="2022-11-10T11:39:17 NPT" name="Default test" finished-at="2022-11-10T11:39:23 NPT" duration-ms="5636">
      <class name="com.nop_Commerce.testcases.LoginPageTest">
        <test-method is-config="true" signature="startDriver(java.lang.String)[pri:0, instance:com.nop_Commerce.testcases.LoginPageTest@169e6180]" started-at="2022-11-10T11:39:14 NPT" name="startDriver" finished-at="2022-11-10T11:39:17 NPT" duration-ms="2984" status="PASS">
          <params>
            <param index="0">
              <value>
                <![CDATA[chrome]]>
              </value>
            </param>
          </params>
          <reporter-output>
          </reporter-output>
        </test-method> <!-- startDriver -->
        <test-method signature="userCanLoginSuccessfully()[pri:1, instance:com.nop_Commerce.testcases.LoginPageTest@169e6180]" started-at="2022-11-10T11:39:17 NPT" name="userCanLoginSuccessfully" finished-at="2022-11-10T11:39:23 NPT" duration-ms="5608" status="PASS">
          <reporter-output>
          </reporter-output>
        </test-method> <!-- userCanLoginSuccessfully -->
        <test-method is-config="true" signature="screenShotOnFailure(org.testng.ITestResult)[pri:0, instance:com.nop_Commerce.testcases.LoginPageTest@169e6180]" started-at="2022-11-10T11:39:23 NPT" name="screenShotOnFailure" finished-at="2022-11-10T11:39:23 NPT" duration-ms="1" status="PASS">
          <params>
            <param index="0">
              <value>
                <![CDATA[[TestResult name=userCanLoginSuccessfully status=SUCCESS method=LoginPageTest.userCanLoginSuccessfully()[pri:1, instance:com.nop_Commerce.testcases.LoginPageTest@169e6180] output={null}]]]>
              </value>
            </param>
          </params>
          <reporter-output>
          </reporter-output>
        </test-method> <!-- screenShotOnFailure -->
        <test-method is-config="true" signature="stopDriver()[pri:0, instance:com.nop_Commerce.testcases.LoginPageTest@169e6180]" started-at="2022-11-10T11:39:23 NPT" name="stopDriver" finished-at="2022-11-10T11:39:23 NPT" duration-ms="408" status="PASS">
          <reporter-output>
          </reporter-output>
        </test-method> <!-- stopDriver -->
      </class> <!-- com.nop_Commerce.testcases.LoginPageTest -->
    </test> <!-- Default test -->
  </suite> <!-- Default suite -->
</testng-results>
